{"/home/carol/Projetos/sd-024-b-project-trybewallet/src/App.js": {"path":"/home/carol/Projetos/sd-024-b-project-trybewallet/src/App.js","statementMap":{"0":{"start":{"line":7,"column":2},"end":{"line":14,"column":4}}},"fnMap":{"0":{"name":"App","decl":{"start":{"line":6,"column":9},"end":{"line":6,"column":12}},"loc":{"start":{"line":6,"column":15},"end":{"line":15,"column":1}},"line":6}},"branchMap":{},"s":{"0":3},"f":{"0":3},"b":{},"_coverageSchema":"1a1c01bbd47fc00a2c39e90264f33305004495a9","hash":"ea93f6139bd9cc7d35a11221fcf25c0c6031edca"}
,"/home/carol/Projetos/sd-024-b-project-trybewallet/src/components/Header.js": {"path":"/home/carol/Projetos/sd-024-b-project-trybewallet/src/components/Header.js","statementMap":{"0":{"start":{"line":5,"column":14},"end":{"line":5,"column":15}},"1":{"start":{"line":8,"column":32},"end":{"line":8,"column":42}},"2":{"start":{"line":9,"column":4},"end":{"line":28,"column":6}},"3":{"start":{"line":32,"column":0},"end":{"line":33,"column":58}},"4":{"start":{"line":35,"column":24},"end":{"line":41,"column":2}},"5":{"start":{"line":35,"column":36},"end":{"line":41,"column":1}},"6":{"start":{"line":38,"column":6},"end":{"line":38,"column":79}},"7":{"start":{"line":39,"column":6},"end":{"line":39,"column":21}}},"fnMap":{"0":{"name":"(anonymous_0)","decl":{"start":{"line":7,"column":2},"end":{"line":7,"column":3}},"loc":{"start":{"line":7,"column":11},"end":{"line":29,"column":3}},"line":7},"1":{"name":"(anonymous_1)","decl":{"start":{"line":35,"column":24},"end":{"line":35,"column":25}},"loc":{"start":{"line":35,"column":36},"end":{"line":41,"column":1}},"line":35},"2":{"name":"(anonymous_2)","decl":{"start":{"line":37,"column":12},"end":{"line":37,"column":13}},"loc":{"start":{"line":37,"column":32},"end":{"line":40,"column":5}},"line":37}},"branchMap":{},"s":{"0":1,"1":5,"2":5,"3":1,"4":1,"5":6,"6":2,"7":2},"f":{"0":5,"1":6,"2":2},"b":{},"_coverageSchema":"1a1c01bbd47fc00a2c39e90264f33305004495a9","hash":"967c7ba880d159d4c0d4114d515385370c811016"}
,"/home/carol/Projetos/sd-024-b-project-trybewallet/src/components/Table.js": {"path":"/home/carol/Projetos/sd-024-b-project-trybewallet/src/components/Table.js","statementMap":{"0":{"start":{"line":8,"column":17},"end":{"line":12,"column":3}},"1":{"start":{"line":9,"column":36},"end":{"line":9,"column":46}},"2":{"start":{"line":10,"column":20},"end":{"line":10,"column":38}},"3":{"start":{"line":11,"column":4},"end":{"line":11,"column":30}},"4":{"start":{"line":15,"column":25},"end":{"line":15,"column":35}},"5":{"start":{"line":16,"column":4},"end":{"line":67,"column":6}},"6":{"start":{"line":32,"column":10},"end":{"line":64,"column":18}},"7":{"start":{"line":58,"column":34},"end":{"line":58,"column":53}},"8":{"start":{"line":71,"column":27},"end":{"line":73,"column":2}},"9":{"start":{"line":71,"column":42},"end":{"line":73,"column":1}},"10":{"start":{"line":72,"column":27},"end":{"line":72,"column":55}},"11":{"start":{"line":75,"column":0},"end":{"line":86,"column":2}},"12":{"start":{"line":88,"column":24},"end":{"line":90,"column":2}},"13":{"start":{"line":88,"column":36},"end":{"line":90,"column":1}}},"fnMap":{"0":{"name":"(anonymous_0)","decl":{"start":{"line":8,"column":17},"end":{"line":8,"column":18}},"loc":{"start":{"line":8,"column":23},"end":{"line":12,"column":3}},"line":8},"1":{"name":"(anonymous_1)","decl":{"start":{"line":14,"column":2},"end":{"line":14,"column":3}},"loc":{"start":{"line":14,"column":11},"end":{"line":68,"column":3}},"line":14},"2":{"name":"(anonymous_2)","decl":{"start":{"line":31,"column":23},"end":{"line":31,"column":24}},"loc":{"start":{"line":32,"column":10},"end":{"line":64,"column":18}},"line":32},"3":{"name":"(anonymous_3)","decl":{"start":{"line":58,"column":28},"end":{"line":58,"column":29}},"loc":{"start":{"line":58,"column":34},"end":{"line":58,"column":53}},"line":58},"4":{"name":"(anonymous_4)","decl":{"start":{"line":71,"column":27},"end":{"line":71,"column":28}},"loc":{"start":{"line":71,"column":42},"end":{"line":73,"column":1}},"line":71},"5":{"name":"(anonymous_5)","decl":{"start":{"line":72,"column":13},"end":{"line":72,"column":14}},"loc":{"start":{"line":72,"column":27},"end":{"line":72,"column":55}},"line":72},"6":{"name":"(anonymous_6)","decl":{"start":{"line":88,"column":24},"end":{"line":88,"column":25}},"loc":{"start":{"line":88,"column":36},"end":{"line":90,"column":1}},"line":88}},"branchMap":{},"s":{"0":3,"1":1,"2":1,"3":1,"4":5,"5":5,"6":1,"7":1,"8":1,"9":3,"10":1,"11":1,"12":1,"13":6},"f":{"0":1,"1":5,"2":1,"3":1,"4":3,"5":1,"6":6},"b":{},"_coverageSchema":"1a1c01bbd47fc00a2c39e90264f33305004495a9","hash":"c0e4fa6a5b3a2df00df8cab29c3901bfc26893b2"}
,"/home/carol/Projetos/sd-024-b-project-trybewallet/src/components/WalletForm.js": {"path":"/home/carol/Projetos/sd-024-b-project-trybewallet/src/components/WalletForm.js","statementMap":{"0":{"start":{"line":8,"column":10},"end":{"line":15,"column":3}},"1":{"start":{"line":18,"column":25},"end":{"line":18,"column":35}},"2":{"start":{"line":19,"column":4},"end":{"line":19,"column":15}},"3":{"start":{"line":22,"column":17},"end":{"line":25,"column":3}},"4":{"start":{"line":23,"column":28},"end":{"line":23,"column":34}},"5":{"start":{"line":24,"column":4},"end":{"line":24,"column":37}},"6":{"start":{"line":27,"column":17},"end":{"line":41,"column":3}},"7":{"start":{"line":28,"column":27},"end":{"line":28,"column":37}},"8":{"start":{"line":29,"column":19},"end":{"line":29,"column":29}},"9":{"start":{"line":30,"column":4},"end":{"line":30,"column":27}},"10":{"start":{"line":31,"column":4},"end":{"line":37,"column":7}},"11":{"start":{"line":38,"column":4},"end":{"line":40,"column":8}},"12":{"start":{"line":38,"column":25},"end":{"line":40,"column":5}},"13":{"start":{"line":44,"column":58},"end":{"line":44,"column":68}},"14":{"start":{"line":45,"column":27},"end":{"line":45,"column":37}},"15":{"start":{"line":46,"column":4},"end":{"line":132,"column":6}},"16":{"start":{"line":87,"column":33},"end":{"line":87,"column":69}},"17":{"start":{"line":136,"column":0},"end":{"line":139,"column":42}},"18":{"start":{"line":141,"column":27},"end":{"line":143,"column":2}},"19":{"start":{"line":141,"column":42},"end":{"line":143,"column":1}},"20":{"start":{"line":141,"column":60},"end":{"line":141,"column":80}},"21":{"start":{"line":142,"column":28},"end":{"line":142,"column":60}},"22":{"start":{"line":145,"column":24},"end":{"line":147,"column":36}},"23":{"start":{"line":145,"column":36},"end":{"line":147,"column":35}}},"fnMap":{"0":{"name":"(anonymous_0)","decl":{"start":{"line":17,"column":2},"end":{"line":17,"column":3}},"loc":{"start":{"line":17,"column":22},"end":{"line":20,"column":3}},"line":17},"1":{"name":"(anonymous_1)","decl":{"start":{"line":22,"column":17},"end":{"line":22,"column":18}},"loc":{"start":{"line":22,"column":33},"end":{"line":25,"column":3}},"line":22},"2":{"name":"(anonymous_2)","decl":{"start":{"line":27,"column":17},"end":{"line":27,"column":18}},"loc":{"start":{"line":27,"column":23},"end":{"line":41,"column":3}},"line":27},"3":{"name":"(anonymous_3)","decl":{"start":{"line":38,"column":18},"end":{"line":38,"column":19}},"loc":{"start":{"line":38,"column":25},"end":{"line":40,"column":5}},"line":38},"4":{"name":"(anonymous_4)","decl":{"start":{"line":43,"column":2},"end":{"line":43,"column":3}},"loc":{"start":{"line":43,"column":11},"end":{"line":133,"column":3}},"line":43},"5":{"name":"(anonymous_5)","decl":{"start":{"line":87,"column":19},"end":{"line":87,"column":20}},"loc":{"start":{"line":87,"column":33},"end":{"line":87,"column":69}},"line":87},"6":{"name":"(anonymous_6)","decl":{"start":{"line":141,"column":27},"end":{"line":141,"column":28}},"loc":{"start":{"line":141,"column":42},"end":{"line":143,"column":1}},"line":141},"7":{"name":"(anonymous_7)","decl":{"start":{"line":141,"column":54},"end":{"line":141,"column":55}},"loc":{"start":{"line":141,"column":60},"end":{"line":141,"column":80}},"line":141},"8":{"name":"(anonymous_8)","decl":{"start":{"line":142,"column":14},"end":{"line":142,"column":15}},"loc":{"start":{"line":142,"column":28},"end":{"line":142,"column":60}},"line":142},"9":{"name":"(anonymous_9)","decl":{"start":{"line":145,"column":24},"end":{"line":145,"column":25}},"loc":{"start":{"line":145,"column":36},"end":{"line":147,"column":35}},"line":145}},"branchMap":{},"s":{"0":3,"1":3,"2":3,"3":3,"4":19,"5":19,"6":3,"7":2,"8":2,"9":2,"10":2,"11":2,"12":2,"13":26,"14":26,"15":26,"16":30,"17":1,"18":1,"19":3,"20":3,"21":2,"22":1,"23":6},"f":{"0":3,"1":19,"2":2,"3":2,"4":26,"5":30,"6":3,"7":3,"8":2,"9":6},"b":{},"_coverageSchema":"1a1c01bbd47fc00a2c39e90264f33305004495a9","hash":"f97550f81d5109fc1d7e3b85e5752b9efb47b3ca"}
,"/home/carol/Projetos/sd-024-b-project-trybewallet/src/pages/Login.js": {"path":"/home/carol/Projetos/sd-024-b-project-trybewallet/src/pages/Login.js","statementMap":{"0":{"start":{"line":6,"column":18},"end":{"line":6,"column":19}},"1":{"start":{"line":9,"column":10},"end":{"line":13,"column":3}},"2":{"start":{"line":16,"column":17},"end":{"line":19,"column":3}},"3":{"start":{"line":17,"column":28},"end":{"line":17,"column":34}},"4":{"start":{"line":18,"column":4},"end":{"line":18,"column":65}},"5":{"start":{"line":18,"column":43},"end":{"line":18,"column":63}},"6":{"start":{"line":21,"column":17},"end":{"line":27,"column":3}},"7":{"start":{"line":22,"column":4},"end":{"line":22,"column":23}},"8":{"start":{"line":23,"column":34},"end":{"line":23,"column":44}},"9":{"start":{"line":24,"column":22},"end":{"line":24,"column":32}},"10":{"start":{"line":25,"column":4},"end":{"line":25,"column":30}},"11":{"start":{"line":26,"column":4},"end":{"line":26,"column":30}},"12":{"start":{"line":30,"column":18},"end":{"line":37,"column":3}},"13":{"start":{"line":31,"column":32},"end":{"line":31,"column":42}},"14":{"start":{"line":32,"column":15},"end":{"line":32,"column":29}},"15":{"start":{"line":33,"column":27},"end":{"line":33,"column":41}},"16":{"start":{"line":34,"column":26},"end":{"line":34,"column":54}},"17":{"start":{"line":35,"column":24},"end":{"line":35,"column":55}},"18":{"start":{"line":36,"column":4},"end":{"line":36,"column":46}},"19":{"start":{"line":40,"column":23},"end":{"line":40,"column":33}},"20":{"start":{"line":41,"column":4},"end":{"line":79,"column":6}},"21":{"start":{"line":83,"column":0},"end":{"line":85,"column":13}}},"fnMap":{"0":{"name":"(anonymous_0)","decl":{"start":{"line":16,"column":17},"end":{"line":16,"column":18}},"loc":{"start":{"line":16,"column":33},"end":{"line":19,"column":3}},"line":16},"1":{"name":"(anonymous_1)","decl":{"start":{"line":18,"column":37},"end":{"line":18,"column":38}},"loc":{"start":{"line":18,"column":43},"end":{"line":18,"column":63}},"line":18},"2":{"name":"(anonymous_2)","decl":{"start":{"line":21,"column":17},"end":{"line":21,"column":18}},"loc":{"start":{"line":21,"column":24},"end":{"line":27,"column":3}},"line":21},"3":{"name":"(anonymous_3)","decl":{"start":{"line":30,"column":18},"end":{"line":30,"column":19}},"loc":{"start":{"line":30,"column":24},"end":{"line":37,"column":3}},"line":30},"4":{"name":"(anonymous_4)","decl":{"start":{"line":39,"column":2},"end":{"line":39,"column":3}},"loc":{"start":{"line":39,"column":11},"end":{"line":80,"column":3}},"line":39}},"branchMap":{"0":{"loc":{"start":{"line":35,"column":24},"end":{"line":35,"column":55}},"type":"binary-expr","locations":[{"start":{"line":35,"column":24},"end":{"line":35,"column":37}},{"start":{"line":35,"column":41},"end":{"line":35,"column":55}}],"line":35}},"s":{"0":1,"1":3,"2":3,"3":28,"4":28,"5":28,"6":3,"7":1,"8":1,"9":1,"10":1,"11":1,"12":3,"13":28,"14":28,"15":28,"16":28,"17":28,"18":28,"19":59,"20":59,"21":1},"f":{"0":28,"1":28,"2":1,"3":28,"4":59},"b":{"0":[28,6]},"_coverageSchema":"1a1c01bbd47fc00a2c39e90264f33305004495a9","hash":"31cf0a1ce4a075bda1881f0afab1759c79b7aabe"}
,"/home/carol/Projetos/sd-024-b-project-trybewallet/src/pages/Wallet.js": {"path":"/home/carol/Projetos/sd-024-b-project-trybewallet/src/pages/Wallet.js","statementMap":{"0":{"start":{"line":8,"column":4},"end":{"line":14,"column":6}}},"fnMap":{"0":{"name":"(anonymous_0)","decl":{"start":{"line":7,"column":2},"end":{"line":7,"column":3}},"loc":{"start":{"line":7,"column":11},"end":{"line":15,"column":3}},"line":7}},"branchMap":{},"s":{"0":3},"f":{"0":3},"b":{},"_coverageSchema":"1a1c01bbd47fc00a2c39e90264f33305004495a9","hash":"0cbd6f25f3e17c132670674545f3d5a4841b35fe"}
,"/home/carol/Projetos/sd-024-b-project-trybewallet/src/redux/actions/index.js": {"path":"/home/carol/Projetos/sd-024-b-project-trybewallet/src/redux/actions/index.js","statementMap":{"0":{"start":{"line":3,"column":25},"end":{"line":3,"column":36}},"1":{"start":{"line":4,"column":30},"end":{"line":4,"column":46}},"2":{"start":{"line":5,"column":27},"end":{"line":5,"column":40}},"3":{"start":{"line":6,"column":25},"end":{"line":6,"column":36}},"4":{"start":{"line":8,"column":24},"end":{"line":8,"column":67}},"5":{"start":{"line":8,"column":38},"end":{"line":8,"column":66}},"6":{"start":{"line":9,"column":29},"end":{"line":9,"column":77}},"7":{"start":{"line":9,"column":43},"end":{"line":9,"column":76}},"8":{"start":{"line":10,"column":26},"end":{"line":10,"column":71}},"9":{"start":{"line":10,"column":40},"end":{"line":10,"column":70}},"10":{"start":{"line":11,"column":24},"end":{"line":11,"column":76}},"11":{"start":{"line":11,"column":38},"end":{"line":11,"column":75}},"12":{"start":{"line":14,"column":2},"end":{"line":20,"column":4}},"13":{"start":{"line":15,"column":22},"end":{"line":15,"column":38}},"14":{"start":{"line":18,"column":22},"end":{"line":18,"column":72}},"15":{"start":{"line":18,"column":59},"end":{"line":18,"column":71}},"16":{"start":{"line":19,"column":4},"end":{"line":19,"column":46}},"17":{"start":{"line":23,"column":28},"end":{"line":28,"column":1}},"18":{"start":{"line":23,"column":39},"end":{"line":28,"column":1}},"19":{"start":{"line":24,"column":15},"end":{"line":24,"column":73}},"20":{"start":{"line":25,"column":18},"end":{"line":25,"column":35}},"21":{"start":{"line":26,"column":2},"end":{"line":26,"column":22}},"22":{"start":{"line":27,"column":2},"end":{"line":27,"column":61}}},"fnMap":{"0":{"name":"(anonymous_0)","decl":{"start":{"line":8,"column":24},"end":{"line":8,"column":25}},"loc":{"start":{"line":8,"column":38},"end":{"line":8,"column":66}},"line":8},"1":{"name":"(anonymous_1)","decl":{"start":{"line":9,"column":29},"end":{"line":9,"column":30}},"loc":{"start":{"line":9,"column":43},"end":{"line":9,"column":76}},"line":9},"2":{"name":"(anonymous_2)","decl":{"start":{"line":10,"column":26},"end":{"line":10,"column":27}},"loc":{"start":{"line":10,"column":40},"end":{"line":10,"column":70}},"line":10},"3":{"name":"(anonymous_3)","decl":{"start":{"line":11,"column":24},"end":{"line":11,"column":25}},"loc":{"start":{"line":11,"column":38},"end":{"line":11,"column":75}},"line":11},"4":{"name":"fetchApi","decl":{"start":{"line":13,"column":16},"end":{"line":13,"column":24}},"loc":{"start":{"line":13,"column":27},"end":{"line":21,"column":1}},"line":13},"5":{"name":"(anonymous_5)","decl":{"start":{"line":14,"column":9},"end":{"line":14,"column":10}},"loc":{"start":{"line":14,"column":29},"end":{"line":20,"column":3}},"line":14},"6":{"name":"(anonymous_6)","decl":{"start":{"line":18,"column":52},"end":{"line":18,"column":53}},"loc":{"start":{"line":18,"column":59},"end":{"line":18,"column":71}},"line":18},"7":{"name":"(anonymous_7)","decl":{"start":{"line":23,"column":28},"end":{"line":23,"column":29}},"loc":{"start":{"line":23,"column":39},"end":{"line":28,"column":1}},"line":23},"8":{"name":"(anonymous_8)","decl":{"start":{"line":23,"column":39},"end":{"line":23,"column":40}},"loc":{"start":{"line":23,"column":59},"end":{"line":28,"column":1}},"line":23}},"branchMap":{},"s":{"0":1,"1":1,"2":1,"3":1,"4":1,"5":1,"6":1,"7":1,"8":1,"9":1,"10":1,"11":1,"12":3,"13":3,"14":1,"15":15,"16":1,"17":1,"18":2,"19":2,"20":1,"21":1,"22":1},"f":{"0":1,"1":1,"2":1,"3":1,"4":3,"5":3,"6":15,"7":2,"8":2},"b":{},"_coverageSchema":"1a1c01bbd47fc00a2c39e90264f33305004495a9","hash":"4de511e7c1e7f46a44b6e76131e4d1a9aa23f6a0"}
,"/home/carol/Projetos/sd-024-b-project-trybewallet/src/redux/reducers/api.js": {"path":"/home/carol/Projetos/sd-024-b-project-trybewallet/src/redux/reducers/api.js","statementMap":{"0":{"start":{"line":1,"column":12},"end":{"line":1,"column":57}},"1":{"start":{"line":3,"column":17},"end":{"line":7,"column":1}},"2":{"start":{"line":4,"column":18},"end":{"line":4,"column":34}},"3":{"start":{"line":5,"column":17},"end":{"line":5,"column":37}},"4":{"start":{"line":6,"column":2},"end":{"line":6,"column":16}}},"fnMap":{"0":{"name":"(anonymous_0)","decl":{"start":{"line":3,"column":17},"end":{"line":3,"column":18}},"loc":{"start":{"line":3,"column":29},"end":{"line":7,"column":1}},"line":3}},"branchMap":{},"s":{"0":1,"1":1,"2":3,"3":1,"4":1},"f":{"0":3},"b":{},"_coverageSchema":"1a1c01bbd47fc00a2c39e90264f33305004495a9","hash":"4d5e62a413a26131f0df85e2766ee1f618ae4cee"}
,"/home/carol/Projetos/sd-024-b-project-trybewallet/src/redux/reducers/index.js": {"path":"/home/carol/Projetos/sd-024-b-project-trybewallet/src/redux/reducers/index.js","statementMap":{"0":{"start":{"line":10,"column":20},"end":{"line":10,"column":53}}},"fnMap":{},"branchMap":{},"s":{"0":1},"f":{},"b":{},"_coverageSchema":"1a1c01bbd47fc00a2c39e90264f33305004495a9","hash":"203105a55a681bc53bb824402f80b1e42a3d3265"}
,"/home/carol/Projetos/sd-024-b-project-trybewallet/src/redux/reducers/user.js": {"path":"/home/carol/Projetos/sd-024-b-project-trybewallet/src/redux/reducers/user.js","statementMap":{"0":{"start":{"line":4,"column":22},"end":{"line":6,"column":1}},"1":{"start":{"line":9,"column":2},"end":{"line":17,"column":3}},"2":{"start":{"line":11,"column":4},"end":{"line":14,"column":6}},"3":{"start":{"line":16,"column":4},"end":{"line":16,"column":17}}},"fnMap":{"0":{"name":"user","decl":{"start":{"line":8,"column":9},"end":{"line":8,"column":13}},"loc":{"start":{"line":8,"column":45},"end":{"line":18,"column":1}},"line":8}},"branchMap":{"0":{"loc":{"start":{"line":8,"column":14},"end":{"line":8,"column":35}},"type":"default-arg","locations":[{"start":{"line":8,"column":22},"end":{"line":8,"column":35}}],"line":8},"1":{"loc":{"start":{"line":9,"column":2},"end":{"line":17,"column":3}},"type":"switch","locations":[{"start":{"line":10,"column":2},"end":{"line":14,"column":6}},{"start":{"line":15,"column":2},"end":{"line":16,"column":17}}],"line":9}},"s":{"0":1,"1":11,"2":1,"3":10},"f":{"0":11},"b":{"0":[7],"1":[1,10]},"_coverageSchema":"1a1c01bbd47fc00a2c39e90264f33305004495a9","hash":"05e81dbce6521d173a7cc49c222504a9e7ba3520"}
,"/home/carol/Projetos/sd-024-b-project-trybewallet/src/redux/reducers/wallet.js": {"path":"/home/carol/Projetos/sd-024-b-project-trybewallet/src/redux/reducers/wallet.js","statementMap":{"0":{"start":{"line":4,"column":22},"end":{"line":7,"column":1}},"1":{"start":{"line":9,"column":15},"end":{"line":29,"column":1}},"2":{"start":{"line":10,"column":2},"end":{"line":28,"column":3}},"3":{"start":{"line":12,"column":4},"end":{"line":15,"column":6}},"4":{"start":{"line":17,"column":4},"end":{"line":20,"column":6}},"5":{"start":{"line":22,"column":4},"end":{"line":25,"column":6}},"6":{"start":{"line":27,"column":4},"end":{"line":27,"column":17}}},"fnMap":{"0":{"name":"(anonymous_0)","decl":{"start":{"line":9,"column":15},"end":{"line":9,"column":16}},"loc":{"start":{"line":9,"column":50},"end":{"line":29,"column":1}},"line":9}},"branchMap":{"0":{"loc":{"start":{"line":9,"column":16},"end":{"line":9,"column":37}},"type":"default-arg","locations":[{"start":{"line":9,"column":24},"end":{"line":9,"column":37}}],"line":9},"1":{"loc":{"start":{"line":10,"column":2},"end":{"line":28,"column":3}},"type":"switch","locations":[{"start":{"line":11,"column":2},"end":{"line":15,"column":6}},{"start":{"line":16,"column":2},"end":{"line":20,"column":6}},{"start":{"line":21,"column":2},"end":{"line":25,"column":6}},{"start":{"line":26,"column":2},"end":{"line":27,"column":17}}],"line":10}},"s":{"0":1,"1":1,"2":11,"3":1,"4":1,"5":1,"6":8},"f":{"0":11},"b":{"0":[7],"1":[1,1,1,8]},"_coverageSchema":"1a1c01bbd47fc00a2c39e90264f33305004495a9","hash":"b854b35313fcaed4a3e921fa59a8344fd32069d0"}
}
