TN:
SF:src/App.js
FN:6,App
FNF:1
FNH:1
FNDA:3,App
DA:7,3
LF:1
LH:1
BRF:0
BRH:0
end_of_record
TN:
SF:src/components/Header.js
FN:7,(anonymous_0)
FN:35,(anonymous_1)
FN:37,(anonymous_2)
FNF:3
FNH:3
FNDA:5,(anonymous_0)
FNDA:6,(anonymous_1)
FNDA:2,(anonymous_2)
DA:5,1
DA:8,5
DA:9,5
DA:32,1
DA:35,6
DA:38,2
DA:39,2
LF:7
LH:7
BRF:0
BRH:0
end_of_record
TN:
SF:src/components/Table.js
FN:8,(anonymous_0)
FN:14,(anonymous_1)
FN:31,(anonymous_2)
FN:58,(anonymous_3)
FN:71,(anonymous_4)
FN:72,(anonymous_5)
FN:88,(anonymous_6)
FNF:7
FNH:7
FNDA:1,(anonymous_0)
FNDA:5,(anonymous_1)
FNDA:1,(anonymous_2)
FNDA:1,(anonymous_3)
FNDA:3,(anonymous_4)
FNDA:1,(anonymous_5)
FNDA:6,(anonymous_6)
DA:8,3
DA:9,1
DA:10,1
DA:11,1
DA:15,5
DA:16,5
DA:32,1
DA:58,1
DA:71,3
DA:72,1
DA:75,1
DA:88,6
LF:12
LH:12
BRF:0
BRH:0
end_of_record
TN:
SF:src/components/WalletForm.js
FN:17,(anonymous_0)
FN:22,(anonymous_1)
FN:27,(anonymous_2)
FN:38,(anonymous_3)
FN:43,(anonymous_4)
FN:87,(anonymous_5)
FN:141,(anonymous_6)
FN:141,(anonymous_7)
FN:142,(anonymous_8)
FN:145,(anonymous_9)
FNF:10
FNH:10
FNDA:3,(anonymous_0)
FNDA:19,(anonymous_1)
FNDA:2,(anonymous_2)
FNDA:2,(anonymous_3)
FNDA:26,(anonymous_4)
FNDA:30,(anonymous_5)
FNDA:3,(anonymous_6)
FNDA:3,(anonymous_7)
FNDA:2,(anonymous_8)
FNDA:6,(anonymous_9)
DA:8,3
DA:18,3
DA:19,3
DA:22,3
DA:23,19
DA:24,19
DA:27,3
DA:28,2
DA:29,2
DA:30,2
DA:31,2
DA:38,2
DA:44,26
DA:45,26
DA:46,26
DA:87,30
DA:136,1
DA:141,3
DA:142,2
DA:145,6
LF:20
LH:20
BRF:0
BRH:0
end_of_record
TN:
SF:src/pages/Login.js
FN:16,(anonymous_0)
FN:18,(anonymous_1)
FN:21,(anonymous_2)
FN:30,(anonymous_3)
FN:39,(anonymous_4)
FNF:5
FNH:5
FNDA:28,(anonymous_0)
FNDA:28,(anonymous_1)
FNDA:1,(anonymous_2)
FNDA:28,(anonymous_3)
FNDA:59,(anonymous_4)
DA:6,1
DA:9,3
DA:16,3
DA:17,28
DA:18,28
DA:21,3
DA:22,1
DA:23,1
DA:24,1
DA:25,1
DA:26,1
DA:30,3
DA:31,28
DA:32,28
DA:33,28
DA:34,28
DA:35,28
DA:36,28
DA:40,59
DA:41,59
DA:83,1
LF:21
LH:21
BRDA:35,0,0,28
BRDA:35,0,1,6
BRF:2
BRH:2
end_of_record
TN:
SF:src/pages/Wallet.js
FN:7,(anonymous_0)
FNF:1
FNH:1
FNDA:3,(anonymous_0)
DA:8,3
LF:1
LH:1
BRF:0
BRH:0
end_of_record
TN:
SF:src/redux/actions/index.js
FN:8,(anonymous_0)
FN:9,(anonymous_1)
FN:10,(anonymous_2)
FN:11,(anonymous_3)
FN:13,fetchApi
FN:14,(anonymous_5)
FN:18,(anonymous_6)
FN:23,(anonymous_7)
FN:23,(anonymous_8)
FNF:9
FNH:9
FNDA:1,(anonymous_0)
FNDA:1,(anonymous_1)
FNDA:1,(anonymous_2)
FNDA:1,(anonymous_3)
FNDA:3,fetchApi
FNDA:3,(anonymous_5)
FNDA:15,(anonymous_6)
FNDA:2,(anonymous_7)
FNDA:2,(anonymous_8)
DA:3,1
DA:4,1
DA:5,1
DA:6,1
DA:8,1
DA:9,1
DA:10,1
DA:11,1
DA:14,3
DA:15,3
DA:18,15
DA:19,1
DA:23,2
DA:24,2
DA:25,1
DA:26,1
DA:27,1
LF:17
LH:17
BRF:0
BRH:0
end_of_record
TN:
SF:src/redux/reducers/api.js
FN:3,(anonymous_0)
FNF:1
FNH:1
FNDA:3,(anonymous_0)
DA:1,1
DA:3,1
DA:4,3
DA:5,1
DA:6,1
LF:5
LH:5
BRF:0
BRH:0
end_of_record
TN:
SF:src/redux/reducers/index.js
FNF:0
FNH:0
DA:10,1
LF:1
LH:1
BRF:0
BRH:0
end_of_record
TN:
SF:src/redux/reducers/user.js
FN:8,user
FNF:1
FNH:1
FNDA:11,user
DA:4,1
DA:9,11
DA:11,1
DA:16,10
LF:4
LH:4
BRDA:8,0,0,7
BRDA:9,1,0,1
BRDA:9,1,1,10
BRF:3
BRH:3
end_of_record
TN:
SF:src/redux/reducers/wallet.js
FN:9,(anonymous_0)
FNF:1
FNH:1
FNDA:11,(anonymous_0)
DA:4,1
DA:9,1
DA:10,11
DA:12,1
DA:17,1
DA:22,1
DA:27,8
LF:7
LH:7
BRDA:9,0,0,7
BRDA:10,1,0,1
BRDA:10,1,1,1
BRDA:10,1,2,1
BRDA:10,1,3,8
BRF:5
BRH:5
end_of_record
